<?xml version="1.0" encoding="UTF-8" ?>
<testsuite tests="1" failures="0" name="com.cooeration.marketengine.core.SystemPropertyLoaderTest" time="0" errors="0" skipped="0">
  <properties>
    <property name="java.runtime.name" value="Java(TM) SE Runtime Environment"/>
    <property name="sun.boot.library.path" value="C:\My Program Files\Java\jdk1.8.0_102\jre\bin"/>
    <property name="java.vm.version" value="25.102-b14"/>
    <property name="java.vm.vendor" value="Oracle Corporation"/>
    <property name="maven.multiModuleProjectDirectory" value="C:\Users\exubixu\Desktop\Imp\Project\localproject\Market-Engine-Core"/>
    <property name="java.vendor.url" value="http://java.oracle.com/"/>
    <property name="path.separator" value=";"/>
    <property name="guice.disable.misplaced.annotation.check" value="true"/>
    <property name="java.vm.name" value="Java HotSpot(TM) 64-Bit Server VM"/>
    <property name="file.encoding.pkg" value="sun.io"/>
    <property name="user.script" value=""/>
    <property name="user.country" value="US"/>
    <property name="sun.java.launcher" value="SUN_STANDARD"/>
    <property name="sun.os.patch.level" value="Service Pack 1"/>
    <property name="java.vm.specification.name" value="Java Virtual Machine Specification"/>
    <property name="user.dir" value="C:\Users\exubixu\Desktop\Imp\Project\localproject\Market-Engine-Core"/>
    <property name="java.runtime.version" value="1.8.0_102-b14"/>
    <property name="java.awt.graphicsenv" value="sun.awt.Win32GraphicsEnvironment"/>
    <property name="java.endorsed.dirs" value="C:\My Program Files\Java\jdk1.8.0_102\jre\lib\endorsed"/>
    <property name="os.arch" value="amd64"/>
    <property name="java.io.tmpdir" value="C:\Users\exubixu\AppData\Local\Temp\"/>
    <property name="line.separator" value="
"/>
    <property name="java.vm.specification.vendor" value="Oracle Corporation"/>
    <property name="user.variant" value=""/>
    <property name="os.name" value="Windows 7"/>
    <property name="classworlds.conf" value="C:\Users\exubixu\Desktop\Imp\Project\workspace\.metadata\.plugins\org.eclipse.m2e.launching\launches\m2conf6586527054427259380.tmp"/>
    <property name="sun.jnu.encoding" value="GBK"/>
    <property name="java.library.path" value="C:\My Program Files\Java\jdk1.8.0_102\bin;C:\windows\Sun\Java\bin;C:\windows\system32;C:\windows;C:/My Program Files/Java/jre1.8.0_102/bin/server;C:/My Program Files/Java/jre1.8.0_102/bin;C:/My Program Files/Java/jre1.8.0_102/lib/amd64;C:\ProgramData\Oracle\Java\javapath;C:\Program Files (x86)\Intel\iCLS Client\;C:\Program Files\Intel\iCLS Client\;C:\windows\system32;C:\windows;C:\windows\System32\Wbem;C:\windows\System32\WindowsPowerShell\v1.0\;C:\windows\system32;C:\windows;C:\windows\System32\Wbem;C:\Program Files (x86)\SQL11\DLL;C:\Program Files (x86)\SQL11\BIN;C:\Develop\maven\apache-maven-3.2.1\bin;C:\Program Files\Intel\WiFi\bin\;C:\Program Files\Common Files\Intel\WirelessCommon\;C:\My Program Files\TortoiseSVN\bin;C:\Program Files (x86)\Subversion\bin;C:\Program Files\Intel\Intel(R) Management Engine Components\DAL;C:\Program Files\Intel\Intel(R) Management Engine Components\IPT;C:\Program Files (x86)\Intel\Intel(R) Management Engine Components\DAL;C:\Program Files (x86)\Intel\Intel(R) Management Engine Components\IPT;C:\Program Files (x86)\scala\\bin;C:\Develop\Python;C:\Program Files (x86)\CheckPoint\Endpoint Security\Endpoint Common\bin;C:\My Program Files\Java\jdk1.8.0_102\bin;C:\Program Files (x86)\Microsoft Visual Studio\Common\Tools\WinNT;C:\Program Files (x86)\Microsoft Visual Studio\Common\MSDev98\Bin;C:\Program Files (x86)\Microsoft Visual Studio\Common\Tools;C:\Program Files (x86)\Microsoft Visual Studio\VC98\bin;C:\Program Files (x86)\IDM Computer Solutions\UltraEdit\;C:\My Program Files\Boot2Docker for Windows;C:\Develop\ant\bin;C:\My Program Files\R\R-3.2.5\library\rJava\jri;C:\My Program Files\R\R-3.2.5\library\rJava\jri\x64;C:\My Program Files\R\R-3.2.5\bin\x64;C:\Develop\spark-2.1.0-bin-hadoop2.7\bin;C:\Develop\hadoop-2.7.3\bin;C:\windows\system32;;."/>
    <property name="java.specification.name" value="Java Platform API Specification"/>
    <property name="java.class.version" value="52.0"/>
    <property name="sun.management.compiler" value="HotSpot 64-Bit Tiered Compilers"/>
    <property name="os.version" value="6.1"/>
    <property name="user.home" value="C:\Users\exubixu"/>
    <property name="user.timezone" value="Asia/Shanghai"/>
    <property name="java.awt.printerjob" value="sun.awt.windows.WPrinterJob"/>
    <property name="java.specification.version" value="1.8"/>
    <property name="file.encoding" value="GBK"/>
    <property name="user.name" value="exubixu"/>
    <property name="java.class.path" value="/C:/Develop/jee-neon/eclipse/../../../Users/exubixu/.p2/pool/plugins/org.eclipse.m2e.maven.runtime_1.7.0.20160603-1931/jars/plexus-classworlds-2.5.2.jar"/>
    <property name="java.vm.specification.version" value="1.8"/>
    <property name="sun.arch.data.model" value="64"/>
    <property name="java.home" value="C:\My Program Files\Java\jdk1.8.0_102\jre"/>
    <property name="sun.java.command" value="org.codehaus.plexus.classworlds.launcher.Launcher -B clean package"/>
    <property name="java.specification.vendor" value="Oracle Corporation"/>
    <property name="user.language" value="en"/>
    <property name="awt.toolkit" value="sun.awt.windows.WToolkit"/>
    <property name="java.vm.info" value="mixed mode"/>
    <property name="java.version" value="1.8.0_102"/>
    <property name="java.ext.dirs" value="C:\My Program Files\Java\jdk1.8.0_102\jre\lib\ext;C:\windows\Sun\Java\lib\ext"/>
    <property name="sun.boot.class.path" value="C:\My Program Files\Java\jdk1.8.0_102\jre\lib\resources.jar;C:\My Program Files\Java\jdk1.8.0_102\jre\lib\rt.jar;C:\My Program Files\Java\jdk1.8.0_102\jre\lib\jsse.jar;C:\My Program Files\Java\jdk1.8.0_102\jre\lib\jce.jar;C:\My Program Files\Java\jdk1.8.0_102\jre\lib\charsets.jar;C:\My Program Files\Java\jdk1.8.0_102\jre\lib\jfr.jar;C:\My Program Files\Java\jdk1.8.0_102\lib\ant-javafx.jar;C:\My Program Files\Java\jdk1.8.0_102\lib\dt.jar;C:\My Program Files\Java\jdk1.8.0_102\lib\javafx-mx.jar;C:\My Program Files\Java\jdk1.8.0_102\lib\jconsole.jar;C:\My Program Files\Java\jdk1.8.0_102\lib\packager.jar;C:\My Program Files\Java\jdk1.8.0_102\lib\sa-jdi.jar;C:\My Program Files\Java\jdk1.8.0_102\lib\tools.jar"/>
    <property name="java.vendor" value="Oracle Corporation"/>
    <property name="maven.home" value="C:\Users\exubixu\Desktop\Imp\Project\localproject\Market-Engine-Core\EMBEDDED"/>
    <property name="file.separator" value="\"/>
    <property name="java.vendor.url.bug" value="http://bugreport.sun.com/bugreport/"/>
    <property name="sun.cpu.endian" value="little"/>
    <property name="sun.io.unicode.encoding" value="UnicodeLittle"/>
    <property name="sun.desktop" value="windows"/>
    <property name="sun.cpu.isalist" value="amd64"/>
  </properties>
  <testcase classname="com.cooeration.marketengine.core.SystemPropertyLoaderTest" name="readProperties" time="0"/>
</testsuite>